<?xml version="1.0" encoding="UTF-8"?>
<!-- Generated by org.testng.reporters.JUnitReportReporter -->
<testsuite hostname="DESKTOP-OL5B2QD" failures="0" tests="1" name="practiceTestScripts.Test1" time="0.025" errors="0" timestamp="2022-09-22T20:56:45 IST" skipped="0">
  <testcase classname="practiceTestScripts.Test1" name="TC1" time="0.025"/>
  <system-out/>
</testsuite> <!-- practiceTestScripts.Test1 -->
