<?xml version="1.0" encoding="UTF-8"?>
<!-- Generated by org.testng.reporters.JUnitReportReporter -->
<testsuite hostname="DESKTOP-OL5B2QD" failures="0" tests="1" name="practiceTestScripts.Test3" time="0.050" errors="0" timestamp="2022-09-23T13:25:07 IST" skipped="0">
  <testcase classname="practiceTestScripts.Test3" name="display" time="0.050"/>
  <system-out/>
</testsuite> <!-- practiceTestScripts.Test3 -->
